<?xml version="1.0" encoding="UTF-8"?>
<!-- Generated by org.testng.reporters.JUnitReportReporter -->
<testsuite hostname="DESKTOP-F5U5V1J" failures="0" tests="1" name="com.NeoStox.TestCases.BasketOredrsPageTest" time="79.773" errors="0" timestamp="17 Aug 2022 02:27:11 GMT" skipped="0">
  <testcase classname="com.NeoStox.TestCases.BasketOredrsPageTest" name="createBasketfunt" time="79.773"/>
</testsuite> <!-- com.NeoStox.TestCases.BasketOredrsPageTest -->
